# JRE version: Java(TM) SE Runtime Environment (8.0_111-b14) (build 1.8.0_111-b14)
# Java VM: Java HotSpot(TM) 64-Bit Server VM (25.111-b14 mixed mode windows-amd64 compressed oops)
Heap:
 PSYoungGen      total 38400K, used 18990K [0x00000000d5d00000, 0x00000000d8780000, 0x0000000100000000)
  eden space 33280K, 57% used [0x00000000d5d00000,0x00000000d6f8b890,0x00000000d7d80000)
  from space 5120K, 0% used [0x00000000d7d80000,0x00000000d7d80000,0x00000000d8280000)
  to   space 5120K, 0% used [0x00000000d8280000,0x00000000d8280000,0x00000000d8780000)
 ParOldGen       total 62976K, used 848K [0x0000000081600000, 0x0000000085380000, 0x00000000d5d00000)
  object space 62976K, 1% used [0x0000000081600000,0x00000000816d4118,0x0000000085380000)
 Metaspace       used 13841K, capacity 14052K, committed 14464K, reserved 1064960K
  class space    used 1739K, capacity 1802K, committed 1920K, reserved 1048576K
GC Heap History (4 events):
Event: 0.184 GC heap before
{Heap before GC invocations=1 (full 0):
 PSYoungGen      total 38400K, used 3996K [0x00000000d5d00000, 0x00000000d8780000, 0x0000000100000000)
  eden space 33280K, 12% used [0x00000000d5d00000,0x00000000d60e7308,0x00000000d7d80000)
  from space 5120K, 0% used [0x00000000d8280000,0x00000000d8280000,0x00000000d8780000)
  to   space 5120K, 0% used [0x00000000d7d80000,0x00000000d7d80000,0x00000000d8280000)
 ParOldGen       total 87552K, used 0K [0x0000000081600000, 0x0000000086b80000, 0x00000000d5d00000)
  object space 87552K, 0% used [0x0000000081600000,0x0000000081600000,0x0000000086b80000)
 Metaspace       used 6258K, capacity 6418K, committed 6528K, reserved 1060864K
  class space    used 726K, capacity 800K, committed 896K, reserved 1048576K
Event: 0.185 GC heap after
Heap after GC invocations=1 (full 0):
 PSYoungGen      total 38400K, used 960K [0x00000000d5d00000, 0x00000000d8780000, 0x0000000100000000)
  eden space 33280K, 0% used [0x00000000d5d00000,0x00000000d5d00000,0x00000000d7d80000)
  from space 5120K, 18% used [0x00000000d7d80000,0x00000000d7e70000,0x00000000d8280000)
  to   space 5120K, 0% used [0x00000000d8280000,0x00000000d8280000,0x00000000d8780000)
 ParOldGen       total 87552K, used 8K [0x0000000081600000, 0x0000000086b80000, 0x00000000d5d00000)
  object space 87552K, 0% used [0x0000000081600000,0x0000000081602000,0x0000000086b80000)
 Metaspace       used 6258K, capacity 6418K, committed 6528K, reserved 1060864K
  class space    used 726K, capacity 800K, committed 896K, reserved 1048576K
}
Event: 0.185 GC heap before
{Heap before GC invocations=2 (full 1):
 PSYoungGen      total 38400K, used 960K [0x00000000d5d00000, 0x00000000d8780000, 0x0000000100000000)
  eden space 33280K, 0% used [0x00000000d5d00000,0x00000000d5d00000,0x00000000d7d80000)
  from space 5120K, 18% used [0x00000000d7d80000,0x00000000d7e70000,0x00000000d8280000)
  to   space 5120K, 0% used [0x00000000d8280000,0x00000000d8280000,0x00000000d8780000)
 ParOldGen       total 87552K, used 8K [0x0000000081600000, 0x0000000086b80000, 0x00000000d5d00000)
  object space 87552K, 0% used [0x0000000081600000,0x0000000081602000,0x0000000086b80000)
 Metaspace       used 6258K, capacity 6418K, committed 6528K, reserved 1060864K
  class space    used 726K, capacity 800K, committed 896K, reserved 1048576K
Event: 0.194 GC heap after
Heap after GC invocations=2 (full 1):
 PSYoungGen      total 38400K, used 0K [0x00000000d5d00000, 0x00000000d8780000, 0x0000000100000000)
  eden space 33280K, 0% used [0x00000000d5d00000,0x00000000d5d00000,0x00000000d7d80000)
  from space 5120K, 0% used [0x00000000d7d80000,0x00000000d7d80000,0x00000000d8280000)
  to   space 5120K, 0% used [0x00000000d8280000,0x00000000d8280000,0x00000000d8780000)
 ParOldGen       total 62976K, used 848K [0x0000000081600000, 0x0000000085380000, 0x00000000d5d00000)
  object space 62976K, 1% used [0x0000000081600000,0x00000000816d4118,0x0000000085380000)
 Metaspace       used 6258K, capacity 6418K, committed 6528K, reserved 1058816K
  class space    used 726K, capacity 800K, committed 896K, reserved 1048576K
}

